<?xml version="1.0" encoding="UTF-8"?>
<testng-results ignored="0" total="1" passed="1" failed="0" skipped="0">
  <reporter-output>
    <line>
      <![CDATA[Launch the browser]]>
    </line>
    <line>
      <![CDATA[Navigate to URL]]>
    </line>
    <line>
      <![CDATA[Click on login link]]>
    </line>
    <line>
      <![CDATA[Enter valid crendentials]]>
    </line>
    <line>
      <![CDATA[Click on login button]]>
    </line>
    <line>
      <![CDATA[Test script is passed]]>
    </line>
  </reporter-output>
  <suite started-at="2024-11-05T13:38:07 IST" name="Failed suite [Default suite]" finished-at="2024-11-05T13:38:07 IST" duration-ms="129">
    <groups>
    </groups>
    <test started-at="2024-11-05T13:38:07 IST" name="Default test(failed)" finished-at="2024-11-05T13:38:07 IST" duration-ms="129">
      <class name="Listeners.TestScript">
        <test-method signature="login()[pri:0, instance:Listeners.TestScript@708f5957]" started-at="2024-11-05T13:38:07 IST" name="login" finished-at="2024-11-05T13:38:07 IST" duration-ms="26" status="PASS">
          <reporter-output>
            <line>
              <![CDATA[Launch the browser]]>
            </line>
            <line>
              <![CDATA[Navigate to URL]]>
            </line>
            <line>
              <![CDATA[Click on login link]]>
            </line>
            <line>
              <![CDATA[Enter valid crendentials]]>
            </line>
            <line>
              <![CDATA[Click on login button]]>
            </line>
            <line>
              <![CDATA[Test script is passed]]>
            </line>
          </reporter-output>
        </test-method> <!-- login -->
      </class> <!-- Listeners.TestScript -->
    </test> <!-- Default test(failed) -->
  </suite> <!-- Failed suite [Default suite] -->
</testng-results>
